<?xml version="1.0" encoding="UTF-8"?>
<!-- Generated by org.testng.reporters.JUnitReportReporter -->
<testsuite hostname="abdulraheemPC" failures="0" tests="3" name="swaglab.MyTestCases" time="7.137" errors="0" timestamp="2025-09-01T21:58:23 EET" skipped="0">
  <testcase classname="swaglab.MyTestCases" name="LoginWithNoramlUser" time="0.201"/>
  <testcase classname="swaglab.MyTestCases" name="AddItems" time="0.108"/>
  <testcase classname="swaglab.MyTestCases" name="CheckoutProcess" time="6.828"/>
</testsuite> <!-- swaglab.MyTestCases -->
