<?xml version="1.0" encoding="UTF-8"?>
<!-- Generated by org.testng.reporters.JUnitReportReporter -->
<testsuite hostname="abdulraheemPC" failures="0" tests="3" name="swaglab.AddRandomITem" time="0.344" errors="0" timestamp="2025-09-07T20:16:38 EET" skipped="1">
  <testcase classname="swaglab.AddRandomITem" name="LoginWithNoramlUser" time="0.207"/>
  <testcase classname="swaglab.AddRandomITem" name="AddThreeRandomItem" time="0.137"/>
  <testcase classname="swaglab.AddRandomITem" name="AddRandomItem">
    <skipped/>
  </testcase> <!-- AddRandomItem -->
</testsuite> <!-- swaglab.AddRandomITem -->
