<?xml version="1.0" encoding="UTF-8"?>
<!-- Generated by org.testng.reporters.JUnitReportReporter -->
<testsuite hostname="abdulraheemPC" failures="0" tests="8" name="Automation.MyTestcases" time="24.544" errors="0" timestamp="2025-09-15T20:24:18 EET" skipped="3">
  <testcase classname="Automation.MyTestcases" name="AddItemToTheCart" time="5.874"/>
  <testcase classname="Automation.MyTestcases" name="AddItemToTheCart" time="7.202"/>
  <testcase classname="Automation.MyTestcases" name="AddItemToTheCart" time="3.510"/>
  <testcase classname="Automation.MyTestcases" name="AddItemToTheCart" time="4.432"/>
  <testcase classname="Automation.MyTestcases" name="AddItemToTheCart" time="3.526"/>
  <testcase classname="Automation.MyTestcases" name="LogoutTest">
    <skipped/>
  </testcase> <!-- LogoutTest -->
  <testcase classname="Automation.MyTestcases" name="Login">
    <skipped/>
  </testcase> <!-- Login -->
  <testcase classname="Automation.MyTestcases" name="SignupTest">
    <skipped/>
  </testcase> <!-- SignupTest -->
</testsuite> <!-- Automation.MyTestcases -->
